[2025-05-06 09:43:35] local.ERROR: The C:\Users\goran.admin\Desktop\BusWebApp-main\bootstrap\cache directory must be present and writable. {"exception":"[object] (Exception(code: 0): The C:\\Users\\goran.admin\\Desktop\\BusWebApp-main\\bootstrap\\cache directory must be present and writable. at C:\\Users\\goran.admin\\Desktop\\BusWebApp-main\\vendor\\laravel\\framework\\src\\Illuminate\\Foundation\\PackageManifest.php:179)
[stacktrace]
#0 C:\\Users\\goran.admin\\Desktop\\BusWebApp-main\\vendor\\laravel\\framework\\src\\Illuminate\\Foundation\\PackageManifest.php(132): Illuminate\\Foundation\\PackageManifest->write()
#1 C:\\Users\\goran.admin\\Desktop\\BusWebApp-main\\vendor\\laravel\\framework\\src\\Illuminate\\Foundation\\PackageManifest.php(108): Illuminate\\Foundation\\PackageManifest->build()
#2 C:\\Users\\goran.admin\\Desktop\\BusWebApp-main\\vendor\\laravel\\framework\\src\\Illuminate\\Foundation\\PackageManifest.php(90): Illuminate\\Foundation\\PackageManifest->getManifest()
#3 C:\\Users\\goran.admin\\Desktop\\BusWebApp-main\\vendor\\laravel\\framework\\src\\Illuminate\\Foundation\\PackageManifest.php(79): Illuminate\\Foundation\\PackageManifest->config()
#4 C:\\Users\\goran.admin\\Desktop\\BusWebApp-main\\vendor\\laravel\\framework\\src\\Illuminate\\Foundation\\Bootstrap\\RegisterFacades.php(26): Illuminate\\Foundation\\PackageManifest->aliases()
#5 C:\\Users\\goran.admin\\Desktop\\BusWebApp-main\\vendor\\laravel\\framework\\src\\Illuminate\\Foundation\\Application.php(341): Illuminate\\Foundation\\Bootstrap\\RegisterFacades->bootstrap()
#6 C:\\Users\\goran.admin\\Desktop\\BusWebApp-main\\vendor\\laravel\\framework\\src\\Illuminate\\Foundation\\Console\\Kernel.php(473): Illuminate\\Foundation\\Application->bootstrapWith()
#7 C:\\Users\\goran.admin\\Desktop\\BusWebApp-main\\vendor\\laravel\\framework\\src\\Illuminate\\Foundation\\Console\\Kernel.php(195): Illuminate\\Foundation\\Console\\Kernel->bootstrap()
#8 C:\\Users\\goran.admin\\Desktop\\BusWebApp-main\\vendor\\laravel\\framework\\src\\Illuminate\\Foundation\\Application.php(1234): Illuminate\\Foundation\\Console\\Kernel->handle()
#9 C:\\Users\\goran.admin\\Desktop\\BusWebApp-main\\artisan(16): Illuminate\\Foundation\\Application->handleCommand()
#10 {main}
"} 
[2025-05-06 09:51:37] local.ERROR: could not find driver (Connection: mysql, SQL: delete from `cache`) {"exception":"[object] (Illuminate\\Database\\QueryException(code: 0): could not find driver (Connection: mysql, SQL: delete from `cache`) at C:\\Users\\goran.admin\\Desktop\\BusWebApp-main\\vendor\\laravel\\framework\\src\\Illuminate\\Database\\Connection.php:822)
[stacktrace]
#0 C:\\Users\\goran.admin\\Desktop\\BusWebApp-main\\vendor\\laravel\\framework\\src\\Illuminate\\Database\\Connection.php(776): Illuminate\\Database\\Connection->runQueryCallback()
#1 C:\\Users\\goran.admin\\Desktop\\BusWebApp-main\\vendor\\laravel\\framework\\src\\Illuminate\\Database\\Connection.php(581): Illuminate\\Database\\Connection->run()
#2 C:\\Users\\goran.admin\\Desktop\\BusWebApp-main\\vendor\\laravel\\framework\\src\\Illuminate\\Database\\Connection.php(545): Illuminate\\Database\\Connection->affectingStatement()
#3 C:\\Users\\goran.admin\\Desktop\\BusWebApp-main\\vendor\\laravel\\framework\\src\\Illuminate\\Database\\Query\\Builder.php(4037): Illuminate\\Database\\Connection->delete()
#4 C:\\Users\\goran.admin\\Desktop\\BusWebApp-main\\vendor\\laravel\\framework\\src\\Illuminate\\Cache\\DatabaseStore.php(421): Illuminate\\Database\\Query\\Builder->delete()
#5 C:\\Users\\goran.admin\\Desktop\\BusWebApp-main\\vendor\\laravel\\framework\\src\\Illuminate\\Cache\\Repository.php(806): Illuminate\\Cache\\DatabaseStore->flush()
#6 C:\\Users\\goran.admin\\Desktop\\BusWebApp-main\\vendor\\laravel\\framework\\src\\Illuminate\\Cache\\Console\\ClearCommand.php(68): Illuminate\\Cache\\Repository->__call()
#7 C:\\Users\\goran.admin\\Desktop\\BusWebApp-main\\vendor\\laravel\\framework\\src\\Illuminate\\Container\\BoundMethod.php(36): Illuminate\\Cache\\Console\\ClearCommand->handle()
#8 C:\\Users\\goran.admin\\Desktop\\BusWebApp-main\\vendor\\laravel\\framework\\src\\Illuminate\\Container\\Util.php(43): Illuminate\\Container\\BoundMethod::{closure:Illuminate\\Container\\BoundMethod::call():35}()
#9 C:\\Users\\goran.admin\\Desktop\\BusWebApp-main\\vendor\\laravel\\framework\\src\\Illuminate\\Container\\BoundMethod.php(96): Illuminate\\Container\\Util::unwrapIfClosure()
#10 C:\\Users\\goran.admin\\Desktop\\BusWebApp-main\\vendor\\laravel\\framework\\src\\Illuminate\\Container\\BoundMethod.php(35): Illuminate\\Container\\BoundMethod::callBoundMethod()
#11 C:\\Users\\goran.admin\\Desktop\\BusWebApp-main\\vendor\\laravel\\framework\\src\\Illuminate\\Container\\Container.php(754): Illuminate\\Container\\BoundMethod::call()
#12 C:\\Users\\goran.admin\\Desktop\\BusWebApp-main\\vendor\\laravel\\framework\\src\\Illuminate\\Console\\Command.php(211): Illuminate\\Container\\Container->call()
#13 C:\\Users\\goran.admin\\Desktop\\BusWebApp-main\\vendor\\symfony\\console\\Command\\Command.php(279): Illuminate\\Console\\Command->execute()
#14 C:\\Users\\goran.admin\\Desktop\\BusWebApp-main\\vendor\\laravel\\framework\\src\\Illuminate\\Console\\Command.php(180): Symfony\\Component\\Console\\Command\\Command->run()
#15 C:\\Users\\goran.admin\\Desktop\\BusWebApp-main\\vendor\\symfony\\console\\Application.php(1094): Illuminate\\Console\\Command->run()
#16 C:\\Users\\goran.admin\\Desktop\\BusWebApp-main\\vendor\\symfony\\console\\Application.php(342): Symfony\\Component\\Console\\Application->doRunCommand()
#17 C:\\Users\\goran.admin\\Desktop\\BusWebApp-main\\vendor\\symfony\\console\\Application.php(193): Symfony\\Component\\Console\\Application->doRun()
#18 C:\\Users\\goran.admin\\Desktop\\BusWebApp-main\\vendor\\laravel\\framework\\src\\Illuminate\\Foundation\\Console\\Kernel.php(197): Symfony\\Component\\Console\\Application->run()
#19 C:\\Users\\goran.admin\\Desktop\\BusWebApp-main\\vendor\\laravel\\framework\\src\\Illuminate\\Foundation\\Application.php(1234): Illuminate\\Foundation\\Console\\Kernel->handle()
#20 C:\\Users\\goran.admin\\Desktop\\BusWebApp-main\\artisan(16): Illuminate\\Foundation\\Application->handleCommand()
#21 {main}

[previous exception] [object] (PDOException(code: 0): could not find driver at C:\\Users\\goran.admin\\Desktop\\BusWebApp-main\\vendor\\laravel\\framework\\src\\Illuminate\\Database\\Connectors\\Connector.php:67)
[stacktrace]
#0 C:\\Users\\goran.admin\\Desktop\\BusWebApp-main\\vendor\\laravel\\framework\\src\\Illuminate\\Database\\Connectors\\Connector.php(67): PDO::connect()
#1 C:\\Users\\goran.admin\\Desktop\\BusWebApp-main\\vendor\\laravel\\framework\\src\\Illuminate\\Database\\Connectors\\Connector.php(44): Illuminate\\Database\\Connectors\\Connector->createPdoConnection()
#2 C:\\Users\\goran.admin\\Desktop\\BusWebApp-main\\vendor\\laravel\\framework\\src\\Illuminate\\Database\\Connectors\\MySqlConnector.php(24): Illuminate\\Database\\Connectors\\Connector->createConnection()
#3 C:\\Users\\goran.admin\\Desktop\\BusWebApp-main\\vendor\\laravel\\framework\\src\\Illuminate\\Database\\Connectors\\ConnectionFactory.php(184): Illuminate\\Database\\Connectors\\MySqlConnector->connect()
#4 [internal function]: Illuminate\\Database\\Connectors\\ConnectionFactory->{closure:Illuminate\\Database\\Connectors\\ConnectionFactory::createPdoResolverWithHosts():179}()
#5 C:\\Users\\goran.admin\\Desktop\\BusWebApp-main\\vendor\\laravel\\framework\\src\\Illuminate\\Database\\Connection.php(1228): call_user_func()
#6 C:\\Users\\goran.admin\\Desktop\\BusWebApp-main\\vendor\\laravel\\framework\\src\\Illuminate\\Database\\Connection.php(589): Illuminate\\Database\\Connection->getPdo()
#7 C:\\Users\\goran.admin\\Desktop\\BusWebApp-main\\vendor\\laravel\\framework\\src\\Illuminate\\Database\\Connection.php(809): Illuminate\\Database\\Connection->{closure:Illuminate\\Database\\Connection::affectingStatement():581}()
#8 C:\\Users\\goran.admin\\Desktop\\BusWebApp-main\\vendor\\laravel\\framework\\src\\Illuminate\\Database\\Connection.php(776): Illuminate\\Database\\Connection->runQueryCallback()
#9 C:\\Users\\goran.admin\\Desktop\\BusWebApp-main\\vendor\\laravel\\framework\\src\\Illuminate\\Database\\Connection.php(581): Illuminate\\Database\\Connection->run()
#10 C:\\Users\\goran.admin\\Desktop\\BusWebApp-main\\vendor\\laravel\\framework\\src\\Illuminate\\Database\\Connection.php(545): Illuminate\\Database\\Connection->affectingStatement()
#11 C:\\Users\\goran.admin\\Desktop\\BusWebApp-main\\vendor\\laravel\\framework\\src\\Illuminate\\Database\\Query\\Builder.php(4037): Illuminate\\Database\\Connection->delete()
#12 C:\\Users\\goran.admin\\Desktop\\BusWebApp-main\\vendor\\laravel\\framework\\src\\Illuminate\\Cache\\DatabaseStore.php(421): Illuminate\\Database\\Query\\Builder->delete()
#13 C:\\Users\\goran.admin\\Desktop\\BusWebApp-main\\vendor\\laravel\\framework\\src\\Illuminate\\Cache\\Repository.php(806): Illuminate\\Cache\\DatabaseStore->flush()
#14 C:\\Users\\goran.admin\\Desktop\\BusWebApp-main\\vendor\\laravel\\framework\\src\\Illuminate\\Cache\\Console\\ClearCommand.php(68): Illuminate\\Cache\\Repository->__call()
#15 C:\\Users\\goran.admin\\Desktop\\BusWebApp-main\\vendor\\laravel\\framework\\src\\Illuminate\\Container\\BoundMethod.php(36): Illuminate\\Cache\\Console\\ClearCommand->handle()
#16 C:\\Users\\goran.admin\\Desktop\\BusWebApp-main\\vendor\\laravel\\framework\\src\\Illuminate\\Container\\Util.php(43): Illuminate\\Container\\BoundMethod::{closure:Illuminate\\Container\\BoundMethod::call():35}()
#17 C:\\Users\\goran.admin\\Desktop\\BusWebApp-main\\vendor\\laravel\\framework\\src\\Illuminate\\Container\\BoundMethod.php(96): Illuminate\\Container\\Util::unwrapIfClosure()
#18 C:\\Users\\goran.admin\\Desktop\\BusWebApp-main\\vendor\\laravel\\framework\\src\\Illuminate\\Container\\BoundMethod.php(35): Illuminate\\Container\\BoundMethod::callBoundMethod()
#19 C:\\Users\\goran.admin\\Desktop\\BusWebApp-main\\vendor\\laravel\\framework\\src\\Illuminate\\Container\\Container.php(754): Illuminate\\Container\\BoundMethod::call()
#20 C:\\Users\\goran.admin\\Desktop\\BusWebApp-main\\vendor\\laravel\\framework\\src\\Illuminate\\Console\\Command.php(211): Illuminate\\Container\\Container->call()
#21 C:\\Users\\goran.admin\\Desktop\\BusWebApp-main\\vendor\\symfony\\console\\Command\\Command.php(279): Illuminate\\Console\\Command->execute()
#22 C:\\Users\\goran.admin\\Desktop\\BusWebApp-main\\vendor\\laravel\\framework\\src\\Illuminate\\Console\\Command.php(180): Symfony\\Component\\Console\\Command\\Command->run()
#23 C:\\Users\\goran.admin\\Desktop\\BusWebApp-main\\vendor\\symfony\\console\\Application.php(1094): Illuminate\\Console\\Command->run()
#24 C:\\Users\\goran.admin\\Desktop\\BusWebApp-main\\vendor\\symfony\\console\\Application.php(342): Symfony\\Component\\Console\\Application->doRunCommand()
#25 C:\\Users\\goran.admin\\Desktop\\BusWebApp-main\\vendor\\symfony\\console\\Application.php(193): Symfony\\Component\\Console\\Application->doRun()
#26 C:\\Users\\goran.admin\\Desktop\\BusWebApp-main\\vendor\\laravel\\framework\\src\\Illuminate\\Foundation\\Console\\Kernel.php(197): Symfony\\Component\\Console\\Application->run()
#27 C:\\Users\\goran.admin\\Desktop\\BusWebApp-main\\vendor\\laravel\\framework\\src\\Illuminate\\Foundation\\Application.php(1234): Illuminate\\Foundation\\Console\\Kernel->handle()
#28 C:\\Users\\goran.admin\\Desktop\\BusWebApp-main\\artisan(16): Illuminate\\Foundation\\Application->handleCommand()
#29 {main}
"} 
